[35m[1m[DEBUG]:[11079][2014-07-12 22:24:13]svc_init init log ok!
[35m[1m[DEBUG]:[11079][2014-07-12 22:24:18]vfs_http.c:svc_initconn:60
[35m[1m[DEBUG]:[11079][2014-07-12 22:24:18]a new fd[10] init ok!
[32m[1m[NORMAL]:[11079][2014-07-12 22:24:18]file = /ott/docroot/xx
[32m[1m[NORMAL]:[11079][2014-07-12 22:24:18]fname[xx: 1.1.1.1] do_newtask ok!
[35m[1m[DEBUG]:[4185][2014-07-16 11:54:21]svc_init init log ok!
[35m[1m[DEBUG]:[4185][2014-07-16 11:57:13]vfs_http.c:svc_initconn:60
[35m[1m[DEBUG]:[4185][2014-07-16 11:57:13]a new fd[9] init ok!
[32m[1m[NORMAL]:[4185][2014-07-16 11:57:13]file = /ott/docroot/youku/6762AAF7604382CBE68F042E0/030002060153B7D6BE516003D32E1FEDC2431C-6E6C-FAB5-0518-76CA30FFE507.flv
[32m[1m[NORMAL]:[4185][2014-07-16 11:57:13]fname[youku/6762AAF7604382CBE68F042E0/030002060153B7D6BE516003D32E1FEDC2431C-6E6C-FAB5-0518-76CA30FFE507.flv: 119.167.152.46] do_newtask ok!
[35m[1m[DEBUG]:[4332][2014-07-16 12:03:54]svc_init init log ok!
[35m[1m[DEBUG]:[4332][2014-07-16 12:03:58]vfs_http.c:svc_initconn:60
[35m[1m[DEBUG]:[4332][2014-07-16 12:03:58]a new fd[9] init ok!
[32m[1m[NORMAL]:[4332][2014-07-16 12:03:58]file = /ott/docroot/youku/6762AAF7604382CBE68F042E0/030002060153B7D6BE516003D32E1FEDC2431C-6E6C-FAB5-0518-76CA30FFE507.flv
[32m[1m[NORMAL]:[4332][2014-07-16 12:03:58]fname[youku/6762AAF7604382CBE68F042E0/030002060153B7D6BE516003D32E1FEDC2431C-6E6C-FAB5-0518-76CA30FFE507.flv: 119.167.152.46] do_newtask ok!
[35m[1m[DEBUG]:[4332][2014-07-16 12:04:00]vfs_http.c:svc_initconn:60
[35m[1m[DEBUG]:[4332][2014-07-16 12:04:00]a new fd[11] init ok!
[32m[1m[NORMAL]:[4332][2014-07-16 12:04:00]file = /ott/docroot/youku/6762AAF7604382CBE68F042E0/030002060153B7D6BE516003D32E1FEDC2431C-6E6C-FAB5-0518-76CA30FFE507.flv
[35m[1m[DEBUG]:[4332][2014-07-16 12:18:58]close 9
[35m[1m[DEBUG]:[4332][2014-07-16 12:18:59]vfs_http.c:svc_initconn:60
[35m[1m[DEBUG]:[4332][2014-07-16 12:18:59]a new fd[9] init ok!
[32m[1m[NORMAL]:[4332][2014-07-16 12:18:59]file = /ott/docroot/youku/6762AAF7604382CBE68F042E0/030002060153B7D6BE516003D32E1FEDC2431C-6E6C-FAB5-0518-76CA30FFE507.flv
[35m[1m[DEBUG]:[4332][2014-07-16 12:33:59]close 9
[35m[1m[DEBUG]:[4332][2014-07-16 12:34:01]vfs_http.c:svc_initconn:60
[35m[1m[DEBUG]:[4332][2014-07-16 12:34:01]a new fd[9] init ok!
[32m[1m[NORMAL]:[4332][2014-07-16 12:34:01]file = /ott/docroot/youku/6762AAF7604382CBE68F042E0/030002060153B7D6BE516003D32E1FEDC2431C-6E6C-FAB5-0518-76CA30FFE507.flv
[35m[1m[DEBUG]:[4332][2014-07-16 12:49:01]close 9
[35m[1m[DEBUG]:[4332][2014-07-16 12:49:04]vfs_http.c:svc_initconn:60
[35m[1m[DEBUG]:[4332][2014-07-16 12:49:04]a new fd[9] init ok!
[32m[1m[NORMAL]:[4332][2014-07-16 12:49:04]file = /ott/docroot/youku/6762AAF7604382CBE68F042E0/030002060153B7D6BE516003D32E1FEDC2431C-6E6C-FAB5-0518-76CA30FFE507.flv
[35m[1m[DEBUG]:[4332][2014-07-16 12:50:49]close 9
